<?xml version="1.0" encoding="UTF-8"?>
<!-- Generated by org.testng.reporters.JUnitReportReporter -->
<testsuite hostname="PMURUGES-190117" failures="0" tests="1" name="Amazon.TestAmazonLoginChrome$TestAmazonLoginFireFox" time="11.762" errors="0" timestamp="2020-08-14T22:56:08 IST" skipped="0">
  <testcase classname="Amazon.TestAmazonLoginChrome$TestAmazonLoginFireFox" name="AmazonFireFoxLogin" time="11.762"/>
  <system-out/>
</testsuite> <!-- Amazon.TestAmazonLoginChrome$TestAmazonLoginFireFox -->
