<?xml version="1.0" encoding="UTF-8"?>
<!-- Generated by org.testng.reporters.JUnitReportReporter -->
<testsuite hostname="PMURUGES-190117" failures="0" tests="6" name="amazontest.AmazonLoginFail" time="151.356" errors="0" timestamp="2020-08-28T01:53:38 IST" skipped="0">
  <testcase classname="amazontest.AmazonLoginFail" name="AmazonLogin2" time="23.492"/>
  <system-out>
====Login Button clicked Successfully(Incorrect username)==== invalidusername@gmail.com  </system-out>
  <testcase classname="amazontest.AmazonLoginFail" name="AmazonLogin" time="35.782"/>
  <system-out>
====Login Button clicked Successfully(Incorrect Pwd)==== Seleniumtest1  </system-out>
  <testcase classname="amazontest.AmazonLoginFail" name="AmazonLogin1" time="24.216"/>
  <system-out>
====Login Button clicked Successfully(Invalid Pwd)==== *B8&#$^#*&A5  </system-out>
  <testcase classname="amazontest.AmazonLoginFail" name="AmazonLogin2" time="22.933"/>
  <system-out>
====Login Button clicked Successfully(Incorrect username)==== invalidusername@gmail.com  </system-out>
  <testcase classname="amazontest.AmazonLoginFail" name="AmazonLogin1" time="17.776"/>
  <system-out>
====Login Button clicked Successfully(Invalid Pwd)==== *B8&#$^#*&A5  </system-out>
  <testcase classname="amazontest.AmazonLoginFail" name="AmazonLogin" time="27.157"/>
  <system-out>
====Login Button clicked Successfully(Incorrect Pwd)==== Seleniumtest1  </system-out>
</testsuite> <!-- amazontest.AmazonLoginFail -->
