<?xml version="1.0" encoding="UTF-8"?>
<!-- Generated by org.testng.reporters.JUnitReportReporter -->
<testsuite hostname="PMURUGES-190117" failures="0" tests="1" name="seleniumSamples.TestRightClick" time="14.260" errors="0" timestamp="2020-08-21T20:43:33 IST" skipped="0">
  <testcase classname="seleniumSamples.TestRightClick" name="TestClick" time="14.260"/>
  <system-out/>
</testsuite> <!-- seleniumSamples.TestRightClick -->
