<?xml version="1.0" encoding="UTF-8"?>
<!-- Generated by org.testng.reporters.JUnitReportReporter -->
<testsuite hostname="PMURUGES-190117" failures="0" tests="2" name="amazontest.TestMultipleBrowsersAmazonLogin" time="92.207" errors="0" timestamp="2020-08-28T01:53:38 IST" skipped="0">
  <testcase classname="amazontest.TestMultipleBrowsersAmazonLogin" name="AmazonLogin" time="47.021"/>
  <system-out>
====Application Signout Successful====  </system-out>
  <testcase classname="amazontest.TestMultipleBrowsersAmazonLogin" name="AmazonLogin" time="45.186"/>
  <system-out>
====Application Signout Successful====  </system-out>
</testsuite> <!-- amazontest.TestMultipleBrowsersAmazonLogin -->
