<?xml version="1.0" encoding="UTF-8"?>
<!-- Generated by org.testng.reporters.JUnitReportReporter -->
<testsuite hostname="PMURUGES-190117" failures="0" tests="1" name="Amazon.TestAmazonLoginChrome" time="11.522" errors="0" timestamp="2020-08-14T22:56:08 IST" skipped="0">
  <testcase classname="Amazon.TestAmazonLoginChrome" name="AmazonChromeLogin" time="11.522"/>
  <system-out/>
</testsuite> <!-- Amazon.TestAmazonLoginChrome -->
