<?xml version="1.0" encoding="UTF-8"?>
<!-- Generated by org.testng.reporters.JUnitReportReporter -->
<testsuite hostname="PMURUGES-190117" failures="0" tests="1" name="seleniumSamples.TestRightClickAndArrowKey" time="14.801" errors="0" timestamp="2020-08-21T20:54:24 IST" skipped="0">
  <testcase classname="seleniumSamples.TestRightClickAndArrowKey" name="TestClick" time="14.801"/>
  <system-out/>
</testsuite> <!-- seleniumSamples.TestRightClickAndArrowKey -->
