<?xml version="1.0" encoding="UTF-8"?>
<!-- Generated by org.testng.reporters.JUnitReportReporter -->
<testsuite hostname="PMURUGES-190117" failures="0" tests="2" name="Amazon.TestMultipleBrowsersAmazonLogin" time="64.266" errors="0" timestamp="2020-08-17T05:40:34 IST" skipped="0">
  <testcase classname="Amazon.TestMultipleBrowsersAmazonLogin" name="AmazonLogin" time="33.703"/>
  <system-out/>
  <testcase classname="Amazon.TestMultipleBrowsersAmazonLogin" name="AmazonLogin" time="30.563"/>
  <system-out/>
</testsuite> <!-- Amazon.TestMultipleBrowsersAmazonLogin -->
