<?xml version="1.0" encoding="UTF-8"?>
<!-- Generated by org.testng.reporters.JUnitReportReporter -->
<testsuite hostname="PMURUGES-190117" failures="0" tests="3" name="FirstTestNGTest.FirstTestNGScript" time="0.071" errors="0" timestamp="2020-08-14T04:26:34 IST" skipped="0">
  <testcase classname="FirstTestNGTest.FirstTestNGScript" name="loginapplication" time="0.052"/>
  <system-out/>
  <testcase classname="FirstTestNGTest.FirstTestNGScript" name="selectItems" time="0.003"/>
  <system-out/>
  <testcase classname="FirstTestNGTest.FirstTestNGScript" name="checkout" time="0.016"/>
  <system-out/>
</testsuite> <!-- FirstTestNGTest.FirstTestNGScript -->
